{"/home/pranay/Documents/server_test/api/config/utils.js":{"path":"/home/pranay/Documents/server_test/api/config/utils.js","s":{"1":1,"2":1,"3":2,"4":2,"5":1,"6":1,"7":0,"8":0,"9":0,"10":0,"11":0,"12":0,"13":0,"14":0,"15":2,"16":2,"17":1,"18":1,"19":0,"20":0,"21":1},"b":{"1":[1,1],"2":[2,1],"3":[0,0],"4":[0,0],"5":[0,0],"6":[0,0],"7":[1,1],"8":[0,0]},"f":{"1":2,"2":0,"3":0,"4":2,"5":0,"6":0},"fnMap":{"1":{"name":"(anonymous_1)","line":5,"loc":{"start":{"line":5,"column":25},"end":{"line":5,"column":35}}},"2":{"name":"(anonymous_2)","line":13,"loc":{"start":{"line":13,"column":27},"end":{"line":13,"column":37}}},"3":{"name":"(anonymous_3)","line":21,"loc":{"start":{"line":21,"column":28},"end":{"line":21,"column":38}}},"4":{"name":"(anonymous_4)","line":29,"loc":{"start":{"line":29,"column":12},"end":{"line":29,"column":19}}},"5":{"name":"(anonymous_5)","line":38,"loc":{"start":{"line":38,"column":8},"end":{"line":38,"column":20}}},"6":{"name":"(anonymous_6)","line":39,"loc":{"start":{"line":39,"column":11},"end":{"line":39,"column":24}}}},"statementMap":{"1":{"start":{"line":1,"column":0},"end":{"line":1,"column":35}},"2":{"start":{"line":3,"column":0},"end":{"line":44,"column":1}},"3":{"start":{"line":6,"column":4},"end":{"line":6,"column":29}},"4":{"start":{"line":7,"column":4},"end":{"line":9,"column":5}},"5":{"start":{"line":8,"column":6},"end":{"line":8,"column":128}},"6":{"start":{"line":10,"column":4},"end":{"line":10,"column":126}},"7":{"start":{"line":14,"column":4},"end":{"line":14,"column":29}},"8":{"start":{"line":15,"column":4},"end":{"line":17,"column":5}},"9":{"start":{"line":16,"column":6},"end":{"line":16,"column":132}},"10":{"start":{"line":18,"column":4},"end":{"line":18,"column":130}},"11":{"start":{"line":22,"column":4},"end":{"line":22,"column":29}},"12":{"start":{"line":23,"column":4},"end":{"line":25,"column":5}},"13":{"start":{"line":24,"column":6},"end":{"line":24,"column":134}},"14":{"start":{"line":26,"column":4},"end":{"line":26,"column":132}},"15":{"start":{"line":30,"column":4},"end":{"line":30,"column":37}},"16":{"start":{"line":31,"column":4},"end":{"line":35,"column":5}},"17":{"start":{"line":32,"column":8},"end":{"line":32,"column":20}},"18":{"start":{"line":34,"column":8},"end":{"line":34,"column":21}},"19":{"start":{"line":39,"column":4},"end":{"line":41,"column":6}},"20":{"start":{"line":40,"column":8},"end":{"line":40,"column":64}},"21":{"start":{"line":46,"column":0},"end":{"line":46,"column":22}}},"branchMap":{"1":{"line":7,"type":"if","locations":[{"start":{"line":7,"column":4},"end":{"line":7,"column":4}},{"start":{"line":7,"column":4},"end":{"line":7,"column":4}}]},"2":{"line":7,"type":"binary-expr","locations":[{"start":{"line":7,"column":7},"end":{"line":7,"column":27}},{"start":{"line":7,"column":31},"end":{"line":7,"column":44}}]},"3":{"line":15,"type":"if","locations":[{"start":{"line":15,"column":4},"end":{"line":15,"column":4}},{"start":{"line":15,"column":4},"end":{"line":15,"column":4}}]},"4":{"line":15,"type":"binary-expr","locations":[{"start":{"line":15,"column":7},"end":{"line":15,"column":27}},{"start":{"line":15,"column":31},"end":{"line":15,"column":44}}]},"5":{"line":23,"type":"if","locations":[{"start":{"line":23,"column":4},"end":{"line":23,"column":4}},{"start":{"line":23,"column":4},"end":{"line":23,"column":4}}]},"6":{"line":23,"type":"binary-expr","locations":[{"start":{"line":23,"column":7},"end":{"line":23,"column":27}},{"start":{"line":23,"column":31},"end":{"line":23,"column":44}}]},"7":{"line":31,"type":"if","locations":[{"start":{"line":31,"column":4},"end":{"line":31,"column":4}},{"start":{"line":31,"column":4},"end":{"line":31,"column":4}}]},"8":{"line":40,"type":"cond-expr","locations":[{"start":{"line":40,"column":22},"end":{"line":40,"column":41}},{"start":{"line":40,"column":44},"end":{"line":40,"column":63}}]}}},"/home/pranay/Documents/server_test/api/config/constants.js":{"path":"/home/pranay/Documents/server_test/api/config/constants.js","s":{"1":1,"2":1},"b":{},"f":{},"fnMap":{},"statementMap":{"1":{"start":{"line":1,"column":0},"end":{"line":7,"column":2}},"2":{"start":{"line":9,"column":0},"end":{"line":9,"column":21}}},"branchMap":{}},"/home/pranay/Documents/server_test/api/controllers/v1/propertyController.js":{"path":"/home/pranay/Documents/server_test/api/controllers/v1/propertyController.js","s":{"1":1,"2":1,"3":1,"4":1,"5":1,"6":1,"7":1,"8":1,"9":1,"10":0,"11":0,"12":0,"13":0,"14":0,"15":0,"16":0,"17":0,"18":0,"19":0,"20":0,"21":0,"22":0,"23":0,"24":0,"25":0,"26":1,"27":0,"28":0,"29":0,"30":1},"b":{"1":[0,0],"2":[0,0]},"f":{"1":0,"2":0,"3":0,"4":0,"5":0,"6":0,"7":0},"fnMap":{"1":{"name":"(anonymous_1)","line":12,"loc":{"start":{"line":12,"column":14},"end":{"line":12,"column":36}}},"2":{"name":"(anonymous_2)","line":21,"loc":{"start":{"line":21,"column":14},"end":{"line":21,"column":27}}},"3":{"name":"(anonymous_3)","line":22,"loc":{"start":{"line":22,"column":23},"end":{"line":22,"column":47}}},"4":{"name":"(anonymous_4)","line":33,"loc":{"start":{"line":33,"column":29},"end":{"line":33,"column":58}}},"5":{"name":"(anonymous_5)","line":34,"loc":{"start":{"line":34,"column":29},"end":{"line":34,"column":51}}},"6":{"name":"(anonymous_6)","line":43,"loc":{"start":{"line":43,"column":10},"end":{"line":43,"column":23}}},"7":{"name":"performRequest","line":51,"loc":{"start":{"line":51,"column":7},"end":{"line":51,"column":45}}}},"statementMap":{"1":{"start":{"line":1,"column":0},"end":{"line":1,"column":35}},"2":{"start":{"line":2,"column":0},"end":{"line":2,"column":46}},"3":{"start":{"line":3,"column":0},"end":{"line":3,"column":44}},"4":{"start":{"line":4,"column":0},"end":{"line":4,"column":31}},"5":{"start":{"line":5,"column":0},"end":{"line":5,"column":31}},"6":{"start":{"line":6,"column":0},"end":{"line":6,"column":35}},"7":{"start":{"line":7,"column":0},"end":{"line":7,"column":31}},"8":{"start":{"line":8,"column":0},"end":{"line":8,"column":43}},"9":{"start":{"line":10,"column":0},"end":{"line":60,"column":2}},"10":{"start":{"line":13,"column":4},"end":{"line":18,"column":7}},"11":{"start":{"line":15,"column":6},"end":{"line":15,"column":30}},"12":{"start":{"line":17,"column":5},"end":{"line":17,"column":26}},"13":{"start":{"line":22,"column":4},"end":{"line":58,"column":7}},"14":{"start":{"line":23,"column":7},"end":{"line":31,"column":9}},"15":{"start":{"line":32,"column":7},"end":{"line":32,"column":26}},"16":{"start":{"line":33,"column":7},"end":{"line":49,"column":10}},"17":{"start":{"line":34,"column":9},"end":{"line":42,"column":12}},"18":{"start":{"line":35,"column":11},"end":{"line":40,"column":12}},"19":{"start":{"line":36,"column":12},"end":{"line":36,"column":61}},"20":{"start":{"line":39,"column":12},"end":{"line":39,"column":83}},"21":{"start":{"line":41,"column":11},"end":{"line":41,"column":22}},"22":{"start":{"line":44,"column":9},"end":{"line":46,"column":10}},"23":{"start":{"line":45,"column":10},"end":{"line":45,"column":30}},"24":{"start":{"line":47,"column":9},"end":{"line":47,"column":43}},"25":{"start":{"line":48,"column":9},"end":{"line":48,"column":35}},"26":{"start":{"line":51,"column":7},"end":{"line":57,"column":8}},"27":{"start":{"line":52,"column":8},"end":{"line":56,"column":11}},"28":{"start":{"line":53,"column":9},"end":{"line":53,"column":33}},"29":{"start":{"line":55,"column":9},"end":{"line":55,"column":30}},"30":{"start":{"line":62,"column":0},"end":{"line":62,"column":36}}},"branchMap":{"1":{"line":35,"type":"if","locations":[{"start":{"line":35,"column":11},"end":{"line":35,"column":11}},{"start":{"line":35,"column":11},"end":{"line":35,"column":11}}]},"2":{"line":44,"type":"if","locations":[{"start":{"line":44,"column":9},"end":{"line":44,"column":9}},{"start":{"line":44,"column":9},"end":{"line":44,"column":9}}]}}}}